<?xml version="1.0" ?>
<coverage version="6.4.4" timestamp="1677014353049" lines-valid="10" lines-covered="9" line-rate="0.9" branches-covered="0" branches-valid="0" branch-rate="0" complexity="0">
	<!-- Generated by coverage.py: https://coverage.readthedocs.io -->
	<!-- Based on https://raw.githubusercontent.com/cobertura/web/master/htdocs/xml/coverage-04.dtd -->
	<sources>
		<source>C:\Users\SUSEENI\Downloads\oryks-code-coverage-development\oryks-code-coverage-development\src</source>
	</sources>
	<packages>
		<package name="." line-rate="0.9" branch-rate="0" complexity="0">
			<classes>
				<class name="__init__.py" filename="__init__.py" complexity="0" line-rate="1" branch-rate="0">
					<methods/>
					<lines>
						<line number="2" hits="1"/>
					</lines>
				</class>
				<class name="math.py" filename="math.py" complexity="0" line-rate="0.8889" branch-rate="0">
					<methods/>
					<lines>
						<line number="2" hits="1"/>
						<line number="5" hits="1"/>
						<line number="15" hits="1"/>
						<line number="18" hits="1"/>
						<line number="28" hits="1"/>
						<line number="31" hits="1"/>
						<line number="41" hits="1"/>
						<line number="44" hits="1"/>
						<line number="54" hits="0"/>
					</lines>
				</class>
			</classes>
		</package>
	</packages>
</coverage> 
